2023-11-29 22:09:51.145 | 655619717ae9e594656a12bd | READ | ALL PRODUCTS
2023-11-29 22:10:03.444 | 655619717ae9e594656a12bd | READ | PRODUCT | c402023f-ee5c-478a-8675-af5f258decd5
2023-11-29 22:10:25.706 | 655619717ae9e594656a12bd | READ | PRODUCT | c402023f-ee5c-478a-8675-af5f258decd5
2023-11-29 22:10:33.095 | 655619717ae9e594656a12bd | READ | PRODUCT | c402023f-ee5c-478a-8675-af5f258decd5
2023-11-29 22:10:40.285 | 655619717ae9e594656a12bd | READ | ALL PRODUCTS
2023-11-29 22:11:09.618 | 655619717ae9e594656a12bd | READ | ALL PRODUCTS
2023-11-29 22:11:16.773 | 655619717ae9e594656a12bd | WRITE | UPDATE | c402023f-ee5c-478a-8675-af5f258decd5
2023-11-29 22:11:36.207 | 655619717ae9e594656a12bd | WRITE | ADD | cce0a3e2-81d6-4466-80f8-1fa4bfa699fc
2023-11-29 22:11:41.889 | 655619717ae9e594656a12bd | READ | ALL PRODUCTS
2023-11-29 22:11:55.697 | 655619717ae9e594656a12bd | WRITE | UPDATE | cce0a3e2-81d6-4466-80f8-1fa4bfa699fc
2023-11-29 22:12:09.184 | 655619717ae9e594656a12bd | WRITE | DELETE | cce0a3e2-81d6-4466-80f8-1fa4bfa699fc
2023-11-29 22:12:15.311 | 655619717ae9e594656a12bd | READ | ALL PRODUCTS
2023-11-29 22:12:20.497 | 655619717ae9e594656a12bd | READ | ALL PRODUCTS
2023-11-29 22:12:21.216 | 655619717ae9e594656a12bd | READ | ALL PRODUCTS
2023-11-29 22:12:21.863 | 655619717ae9e594656a12bd | READ | ALL PRODUCTS
2023-11-29 22:12:22.495 | 655619717ae9e594656a12bd | READ | ALL PRODUCTS
2023-11-29 22:12:23.100 | 655619717ae9e594656a12bd | READ | ALL PRODUCTS
2023-11-29 22:12:23.966 | 655619717ae9e594656a12bd | READ | ALL PRODUCTS
2023-11-29 22:12:48.045 | 6556197b7ae9e594656a20cf | READ | ALL PRODUCTS
2023-11-29 22:12:48.457 | 6556197b7ae9e594656a20cf | READ | ALL PRODUCTS
2023-11-29 22:12:49.186 | 6556197b7ae9e594656a20cf | READ | ALL PRODUCTS
2023-11-29 22:12:50.218 | 6556197b7ae9e594656a20cf | READ | ALL PRODUCTS
2023-11-29 22:12:50.806 | 6556197b7ae9e594656a20cf | READ | ALL PRODUCTS
2023-11-29 22:12:51.428 | 6556197b7ae9e594656a20cf | READ | ALL PRODUCTS
2023-11-29 22:12:52.154 | 6556197b7ae9e594656a20cf | READ | ALL PRODUCTS
2023-11-29 22:12:52.717 | 6556197b7ae9e594656a20cf | READ | ALL PRODUCTS
2023-11-29 22:12:53.300 | 6556197b7ae9e594656a20cf | READ | ALL PRODUCTS
2023-11-29 22:12:53.880 | 6556197b7ae9e594656a20cf | READ | ALL PRODUCTS
2023-11-29 22:12:56.500 | 6556197b7ae9e594656a20cf | READ | ALL PRODUCTS
2023-11-29 22:12:57.097 | 6556197b7ae9e594656a20cf | READ | ALL PRODUCTS
2023-11-29 22:12:57.636 | 6556197b7ae9e594656a20cf | READ | ALL PRODUCTS
2023-11-29 22:12:58.258 | 6556197b7ae9e594656a20cf | READ | ALL PRODUCTS
2023-11-29 22:12:58.758 | 6556197b7ae9e594656a20cf | READ | ALL PRODUCTS
2023-11-29 22:12:59.268 | 6556197b7ae9e594656a20cf | READ | ALL PRODUCTS
2023-11-29 22:12:59.790 | 6556197b7ae9e594656a20cf | READ | ALL PRODUCTS
2023-11-29 22:13:00.362 | 6556197b7ae9e594656a20cf | READ | ALL PRODUCTS
2023-11-29 22:13:29.975 | 655619837ae9e594656a2d82 | WRITE | ADD | c0a8581d-d995-4a96-affa-f74a867f8e39
2023-11-29 22:13:33.638 | 655619837ae9e594656a2d82 | READ | ALL PRODUCTS
2023-11-29 22:13:40.656 | 655619837ae9e594656a2d82 | READ | ALL PRODUCTS
2023-11-29 22:13:48.511 | 655619837ae9e594656a2d82 | WRITE | UPDATE | c0a8581d-d995-4a96-affa-f74a867f8e39
2023-11-29 22:13:50.869 | 655619837ae9e594656a2d82 | READ | ALL PRODUCTS
2023-11-29 22:14:14.584 | 655619837ae9e594656a2d82 | WRITE | UPDATE | c0a8581d-d995-4a96-affa-f74a867f8e39
2023-11-29 22:14:24.841 | 655619837ae9e594656a2d82 | READ | ALL PRODUCTS
2023-11-29 22:14:40.506 | 655619837ae9e594656a2d82 | WRITE | UPDATE | c0a8581d-d995-4a96-affa-f74a867f8e39
2023-11-29 22:15:20.241 | 655619837ae9e594656a2d82 | READ | ALL PRODUCTS
2023-11-29 22:15:25.757 | 655619837ae9e594656a2d82 | WRITE | UPDATE | c0a8581d-d995-4a96-affa-f74a867f8e39
2023-11-29 22:15:27.989 | 655619837ae9e594656a2d82 | READ | ALL PRODUCTS
2023-11-29 22:15:33.881 | 655619837ae9e594656a2d82 | WRITE | UPDATE | ec4bf366-607e-4ad5-bc81-8dc9d7ac75ac
2023-11-29 22:15:35.867 | 655619837ae9e594656a2d82 | READ | ALL PRODUCTS
2023-11-29 22:15:40.038 | 655619837ae9e594656a2d82 | WRITE | UPDATE | c0a8581d-d995-4a96-affa-f74a867f8e39
2023-11-29 22:15:53.512 | 655619837ae9e594656a2d82 | WRITE | DELETE | c0a8581d-d995-4a96-affa-f74a867f8e39
